<?xml version="1.0" encoding="UTF-8"?>
<!-- Generated by org.testng.reporters.JUnitXMLReporter -->
<testsuite ignored="0" hostname="LTIN195134" failures="0" tests="8" name="Default test" time="242.267" errors="0" timestamp="2024-01-05T10:30:30 IST">
  <testcase classname="com.trivago.hotelAvailability" name="destination" time="3.717"/>
  <testcase classname="com.trivago.hotelAvailability" name="checkinout" time="3.118"/>
  <testcase classname="com.trivago.hotelAvailability" name="adult" time="2.291"/>
  <testcase classname="com.trivago.hotelAvailability" name="rooms" time="0.048"/>
  <testcase classname="com.trivago.hotelAvailability" name="apply" time="2.144"/>
  <testcase classname="com.trivago.hotelAvailability" name="sortBy" time="0.515"/>
  <testcase classname="com.trivago.hotelAvailability" name="firstfive" time="25.185"/>
  <testcase classname="com.trivago.hotelAvailability" name="pricesandratings" time="205.169"/>
</testsuite> <!-- Default test -->
