<?xml version="1.0" encoding="UTF-8"?>
<!-- Generated by org.testng.reporters.JUnitXMLReporter -->
<testsuite ignored="0" hostname="LTIN195134" failures="0" tests="8" name="Test" time="331.312" errors="0" timestamp="2024-01-05T15:57:48 IST">
  <testcase classname="com.trivago.hotelAvailability" name="destination" time="3.942"/>
  <testcase classname="com.trivago.hotelAvailability" name="checkinout" time="2.899"/>
  <testcase classname="com.trivago.hotelAvailability" name="adult" time="2.305"/>
  <testcase classname="com.trivago.hotelAvailability" name="rooms" time="0.045"/>
  <testcase classname="com.trivago.hotelAvailability" name="apply" time="2.129"/>
  <testcase classname="com.trivago.hotelAvailability" name="sortBy" time="0.642"/>
  <testcase classname="com.trivago.hotelAvailability" name="firstfive" time="13.442"/>
  <testcase classname="com.trivago.hotelAvailability" name="pricesandratings" time="305.469"/>
</testsuite> <!-- Test -->
