<?xml version="1.0" encoding="UTF-8"?>
<testng-results ignored="0" total="8" passed="8" failed="0" skipped="0">
  <reporter-output>
  </reporter-output>
  <suite started-at="2024-01-05T15:52:17 IST" name="Suite" finished-at="2024-01-05T15:57:48 IST" duration-ms="331312">
    <groups>
    </groups>
    <test started-at="2024-01-05T15:52:17 IST" name="Test" finished-at="2024-01-05T15:57:48 IST" duration-ms="331312">
      <class name="com.trivago.hotelAvailability">
        <test-method is-config="true" signature="createDriver()[pri:0, instance:com.trivago.hotelAvailability@273444fe]" started-at="2024-01-05T15:52:02 IST" name="createDriver" finished-at="2024-01-05T15:52:17 IST" duration-ms="14705" status="PASS">
          <reporter-output>
          </reporter-output>
        </test-method> <!-- createDriver -->
        <test-method signature="destination()[pri:1, instance:com.trivago.hotelAvailability@273444fe]" started-at="2024-01-05T15:52:17 IST" name="destination" finished-at="2024-01-05T15:52:21 IST" duration-ms="3942" status="PASS">
          <reporter-output>
          </reporter-output>
        </test-method> <!-- destination -->
        <test-method signature="checkinout()[pri:2, instance:com.trivago.hotelAvailability@273444fe]" started-at="2024-01-05T15:52:21 IST" name="checkinout" finished-at="2024-01-05T15:52:24 IST" duration-ms="2899" status="PASS">
          <reporter-output>
          </reporter-output>
        </test-method> <!-- checkinout -->
        <test-method signature="adult()[pri:3, instance:com.trivago.hotelAvailability@273444fe]" started-at="2024-01-05T15:52:24 IST" name="adult" finished-at="2024-01-05T15:52:26 IST" duration-ms="2305" status="PASS">
          <reporter-output>
          </reporter-output>
        </test-method> <!-- adult -->
        <test-method signature="rooms()[pri:4, instance:com.trivago.hotelAvailability@273444fe]" started-at="2024-01-05T15:52:26 IST" name="rooms" finished-at="2024-01-05T15:52:26 IST" duration-ms="45" status="PASS">
          <reporter-output>
          </reporter-output>
        </test-method> <!-- rooms -->
        <test-method signature="apply()[pri:5, instance:com.trivago.hotelAvailability@273444fe]" started-at="2024-01-05T15:52:26 IST" name="apply" finished-at="2024-01-05T15:52:28 IST" duration-ms="2129" status="PASS">
          <reporter-output>
          </reporter-output>
        </test-method> <!-- apply -->
        <test-method signature="sortBy()[pri:6, instance:com.trivago.hotelAvailability@273444fe]" started-at="2024-01-05T15:52:28 IST" name="sortBy" finished-at="2024-01-05T15:52:29 IST" duration-ms="642" status="PASS">
          <reporter-output>
          </reporter-output>
        </test-method> <!-- sortBy -->
        <test-method signature="firstfive()[pri:7, instance:com.trivago.hotelAvailability@273444fe]" started-at="2024-01-05T15:52:29 IST" name="firstfive" finished-at="2024-01-05T15:52:42 IST" duration-ms="13442" status="PASS">
          <reporter-output>
          </reporter-output>
        </test-method> <!-- firstfive -->
        <test-method signature="pricesandratings()[pri:8, instance:com.trivago.hotelAvailability@273444fe]" started-at="2024-01-05T15:52:42 IST" name="pricesandratings" finished-at="2024-01-05T15:57:48 IST" duration-ms="305469" status="PASS">
          <reporter-output>
          </reporter-output>
        </test-method> <!-- pricesandratings -->
        <test-method is-config="true" signature="closeBrowser()[pri:0, instance:com.trivago.hotelAvailability@273444fe]" started-at="2024-01-05T15:57:48 IST" name="closeBrowser" finished-at="2024-01-05T15:57:50 IST" duration-ms="1967" status="PASS">
          <reporter-output>
          </reporter-output>
        </test-method> <!-- closeBrowser -->
      </class> <!-- com.trivago.hotelAvailability -->
    </test> <!-- Test -->
  </suite> <!-- Suite -->
</testng-results>
